#
# There is insufficient memory for the Java Runtime Environment to continue.
# Native memory allocation (mmap) failed to map 132120576 bytes. Error detail: G1 virtual space
# Possible reasons:
#   The system is out of physical RAM or swap space
#   This process is running with CompressedOops enabled, and the Java Heap may be blocking the growth of the native heap
# Possible solutions:
#   Reduce memory load on the system
#   Increase physical memory or swap space
#   Check if swap backing store is full
#   Decrease Java heap size (-Xmx/-Xms)
#   Decrease number of Java threads
#   Decrease Java thread stack sizes (-Xss)
#   Set larger code cache with -XX:ReservedCodeCacheSize=
#   JVM is running with Unscaled Compressed Oops mode in which the Java heap is
#     placed in the first 4GB address space. The Java Heap base address is the
#     maximum limit for the native heap growth. Please use -XX:HeapBaseMinAddress
#     to set the Java Heap base and to place the Java Heap above 4GB virtual address.
# This output file may be truncated or incomplete.
#
#  Out of Memory Error (os_windows.cpp:3631), pid=10796, tid=3556
#
# JRE version:  (22.0+36) (build )
# Java VM: Java HotSpot(TM) 64-Bit Server VM (22+36-2370, mixed mode, sharing, tiered, compressed oops, compressed class ptrs, g1 gc, windows-amd64)
# No core dump will be written. Minidumps are not enabled by default on client versions of Windows
#

---------------  S U M M A R Y ------------

Command Line: -Dfile.encoding=UTF-8 -Dstdout.encoding=UTF-8 -Dstderr.encoding=UTF-8 -XX:+ShowCodeDetailsInExceptionMessages edu.yan.abastracaoclassesencapsulamento.exercicios.Main

Host: Intel(R) Core(TM) i5-1035G1 CPU @ 1.00GHz, 8 cores, 7G,  Windows 10 , 64 bit Build 19041 (10.0.19041.3031)
Time: Mon Mar 24 17:24:56 2025 Hora oficial do Brasil elapsed time: 0.011273 seconds (0d 0h 0m 0s)

---------------  T H R E A D  ---------------

Current thread (0x00000225e92090d0):  JavaThread "Unknown thread" [_thread_in_vm, id=3556, stack(0x000000391f400000,0x000000391f500000) (1024K)]

Stack: [0x000000391f400000,0x000000391f500000]
Native frames: (J=compiled Java code, j=interpreted, Vv=VM code, C=native code)
V  [jvm.dll+0x6e2349]  (no source info available)
V  [jvm.dll+0x874ed3]  (no source info available)
V  [jvm.dll+0x8772fe]  (no source info available)
V  [jvm.dll+0x8779d3]  (no source info available)
V  [jvm.dll+0x27fcb6]  (no source info available)
V  [jvm.dll+0x6de9e5]  (no source info available)
V  [jvm.dll+0x6d34ea]  (no source info available)
V  [jvm.dll+0x35892a]  (no source info available)
V  [jvm.dll+0x360e56]  (no source info available)
V  [jvm.dll+0x3b3d7e]  (no source info available)
V  [jvm.dll+0x3b4028]  (no source info available)
V  [jvm.dll+0x32c4ec]  (no source info available)
V  [jvm.dll+0x32d0a8]  (no source info available)
V  [jvm.dll+0x83cd9c]  (no source info available)
V  [jvm.dll+0x3c0cc1]  (no source info available)
V  [jvm.dll+0x825d8c]  (no source info available)
V  [jvm.dll+0x45b9ee]  (no source info available)
V  [jvm.dll+0x45d871]  (no source info available)
C  [jli.dll+0x52a3]  (no source info available)
C  [ucrtbase.dll+0x21bb2]  (no source info available)
C  [KERNEL32.DLL+0x17614]  (no source info available)
C  [ntdll.dll+0x526f1]  (no source info available)


---------------  P R O C E S S  ---------------

Threads class SMR info:
_java_thread_list=0x00007fffc93fc1c8, length=0, elements={
}

Java Threads: ( => current thread )
Total: 0

Other Threads:
  0x00000225e947ab60 WorkerThread "GC Thread#0"                     [id=11116, stack(0x000000391f500000,0x000000391f600000) (1024K)]
  0x00000225e948bc20 ConcurrentGCThread "G1 Main Marker"            [id=12124, stack(0x000000391f600000,0x000000391f700000) (1024K)]
  0x00000225e948c8e0 WorkerThread "G1 Conc#0"                       [id=10520, stack(0x000000391f700000,0x000000391f800000) (1024K)]

[error occurred during error reporting (printing all threads), id 0xc0000005, EXCEPTION_ACCESS_VIOLATION (0xc0000005) at pc=0x00007fffc8b4f2b7]
VM state: not at safepoint (not fully initialized)

VM Mutex/Monitor currently owned by a thread:  ([mutex/lock_event])
[0x00007fffc947ccc8] Heap_lock - owner thread: 0x00000225e92090d0

Heap address: 0x0000000083a00000, size: 1990 MB, Compressed Oops mode: 32-bit

CDS archive(s) mapped at: [0x0000000000000000-0x0000000000000000-0x0000000000000000), size 0, SharedBaseAddress: 0x0000000800000000, ArchiveRelocationMode: 1.
Narrow klass base: 0x0000000000000000, Narrow klass shift: 0, Narrow klass range: 0x0

GC Precious Log:
 CardTable entry size: 512
 Card Set container configuration: InlinePtr #cards 5 size 8 Array Of Cards #cards 12 size 40 Howl #buckets 4 coarsen threshold 1843 Howl Bitmap #cards 512 size 80 coarsen threshold 460 Card regions per heap region 1 cards per card region 2048

Heap:
 garbage-first heap   total reserved 2037760K, committed 0K, used 0K [0x0000000083a00000, 0x0000000100000000)
  region size 1024K, 0 young (0K), 0 survivors (0K)

[error occurred during error reporting (printing heap information), id 0xc0000005, EXCEPTION_ACCESS_VIOLATION (0xc0000005) at pc=0x00007fffc8f4e4e9]
GC Heap History (0 events):
No events

Dll operation events (1 events):
Event: 0.007 Loaded shared library C:\Program Files\Java\jdk-22\bin\java.dll

Deoptimization events (0 events):
No events

Classes loaded (0 events):
No events

Classes unloaded (0 events):
No events

Classes redefined (0 events):
No events

Internal exceptions (0 events):
No events

ZGC Phase Switch (0 events):
No events

VM Operations (0 events):
No events

Events (0 events):
No events


Dynamic libraries:
0x00007ff71ed60000 - 0x00007ff71ed70000 	C:\Program Files\Java\jdk-22\bin\javaw.exe
0x00007ff8120f0000 - 0x00007ff8122e8000 	C:\Windows\SYSTEM32\ntdll.dll
0x00007ff810a90000 - 0x00007ff810b4f000 	C:\Windows\System32\KERNEL32.DLL
0x00007ff80fba0000 - 0x00007ff80fe96000 	C:\Windows\System32\KERNELBASE.dll
0x00007ff80fa00000 - 0x00007ff80fb00000 	C:\Windows\System32\ucrtbase.dll
0x00007ff800da0000 - 0x00007ff800db7000 	C:\Program Files\Java\jdk-22\bin\jli.dll
0x00007ff805d30000 - 0x00007ff805d4b000 	C:\Program Files\Java\jdk-22\bin\VCRUNTIME140.dll
0x00007ff811ad0000 - 0x00007ff811b7f000 	C:\Windows\System32\ADVAPI32.dll
0x00007ff8104d0000 - 0x00007ff81056e000 	C:\Windows\System32\msvcrt.dll
0x00007ff811210000 - 0x00007ff8112ac000 	C:\Windows\System32\sechost.dll
0x00007ff811be0000 - 0x00007ff811d06000 	C:\Windows\System32\RPCRT4.dll
0x00007ff810330000 - 0x00007ff8104cd000 	C:\Windows\System32\USER32.dll
0x00007ffffb8b0000 - 0x00007ffffbb4a000 	C:\Windows\WinSxS\amd64_microsoft.windows.common-controls_6595b64144ccf1df_6.0.19041.1110_none_60b5254171f9507e\COMCTL32.dll
0x00007ff80fb70000 - 0x00007ff80fb92000 	C:\Windows\System32\win32u.dll
0x00007ff8112b0000 - 0x00007ff8112dc000 	C:\Windows\System32\GDI32.dll
0x00007ff80ff30000 - 0x00007ff810045000 	C:\Windows\System32\gdi32full.dll
0x00007ff80f960000 - 0x00007ff80f9fd000 	C:\Windows\System32\msvcp_win.dll
0x00007ffffceb0000 - 0x00007ffffceba000 	C:\Windows\SYSTEM32\VERSION.dll
0x00007ff810d70000 - 0x00007ff810da0000 	C:\Windows\System32\IMM32.DLL
0x00007ff80a730000 - 0x00007ff80a73c000 	C:\Program Files\Java\jdk-22\bin\vcruntime140_1.dll
0x00007ffff0430000 - 0x00007ffff04be000 	C:\Program Files\Java\jdk-22\bin\msvcp140.dll
0x00007fffc8810000 - 0x00007fffc9558000 	C:\Program Files\Java\jdk-22\bin\server\jvm.dll
0x00007ff810d00000 - 0x00007ff810d6b000 	C:\Windows\System32\WS2_32.dll
0x00007ff80f590000 - 0x00007ff80f5db000 	C:\Windows\SYSTEM32\POWRPROF.dll
0x00007ff80c1c0000 - 0x00007ff80c1e7000 	C:\Windows\SYSTEM32\WINMM.dll
0x00007ff80f570000 - 0x00007ff80f582000 	C:\Windows\SYSTEM32\UMPDC.dll
0x00007ff80dfd0000 - 0x00007ff80dfe2000 	C:\Windows\SYSTEM32\kernel.appcore.dll
0x00007ff8097d0000 - 0x00007ff8097da000 	C:\Program Files\Java\jdk-22\bin\jimage.dll
0x00007ff80d1e0000 - 0x00007ff80d3c4000 	C:\Windows\SYSTEM32\DBGHELP.DLL
0x00007ff80c140000 - 0x00007ff80c174000 	C:\Windows\SYSTEM32\dbgcore.DLL
0x00007ff80fea0000 - 0x00007ff80ff22000 	C:\Windows\System32\bcryptPrimitives.dll
0x00007ffffdf10000 - 0x00007ffffdf2e000 	C:\Program Files\Java\jdk-22\bin\java.dll
0x00007ff8112e0000 - 0x00007ff811a24000 	C:\Windows\System32\SHELL32.dll
0x00007ff811d20000 - 0x00007ff811e4a000 	C:\Windows\System32\ole32.dll
0x00007ff810650000 - 0x00007ff8109a4000 	C:\Windows\System32\combase.dll

dbghelp: loaded successfully - version: 4.0.5 - missing functions: none
symbol engine: initialized successfully - sym options: 0x614 - pdb path: .;C:\Program Files\Java\jdk-22\bin;C:\Windows\SYSTEM32;C:\Windows\WinSxS\amd64_microsoft.windows.common-controls_6595b64144ccf1df_6.0.19041.1110_none_60b5254171f9507e;C:\Program Files\Java\jdk-22\bin\server

VM Arguments:
jvm_args: -Dfile.encoding=UTF-8 -Dstdout.encoding=UTF-8 -Dstderr.encoding=UTF-8 -XX:+ShowCodeDetailsInExceptionMessages 
java_command: edu.yan.abastracaoclassesencapsulamento.exercicios.Main
java_class_path (initial): C:\Users\yanba\git\dio-bootcamp-trilha-java-basico\programacao-orientada-a-objetos\bin
Launcher Type: SUN_STANDARD

[Global flags]
     intx CICompilerCount                          = 4                                         {product} {ergonomic}
     uint ConcGCThreads                            = 2                                         {product} {ergonomic}
     uint G1ConcRefinementThreads                  = 8                                         {product} {ergonomic}
   size_t G1HeapRegionSize                         = 1048576                                   {product} {ergonomic}
   size_t InitialHeapSize                          = 132120576                                 {product} {ergonomic}
   size_t MarkStackSize                            = 4194304                                   {product} {ergonomic}
   size_t MaxHeapSize                              = 2086666240                                {product} {ergonomic}
   size_t MinHeapDeltaBytes                        = 1048576                                   {product} {ergonomic}
   size_t MinHeapSize                              = 8388608                                   {product} {ergonomic}
    uintx NonNMethodCodeHeapSize                   = 5839372                                {pd product} {ergonomic}
    uintx NonProfiledCodeHeapSize                  = 122909434                              {pd product} {ergonomic}
    uintx ProfiledCodeHeapSize                     = 122909434                              {pd product} {ergonomic}
    uintx ReservedCodeCacheSize                    = 251658240                              {pd product} {ergonomic}
     bool SegmentedCodeCache                       = true                                      {product} {ergonomic}
     bool ShowCodeDetailsInExceptionMessages       = true                                   {manageable} {command line}
   size_t SoftMaxHeapSize                          = 2086666240                             {manageable} {ergonomic}
     bool UseCompressedOops                        = true                           {product lp64_product} {ergonomic}
     bool UseG1GC                                  = true                                      {product} {ergonomic}
     bool UseLargePagesIndividualAllocation        = false                                  {pd product} {ergonomic}

Logging:
Log output configuration:
 #0: stdout all=warning uptime,level,tags foldmultilines=false
 #1: stderr all=off uptime,level,tags foldmultilines=false

Environment Variables:
JAVA_HOME=C:\Users\yanba\AppData\Local\Programs\Eclipse Adoptium\jdk-17.0.8.101-hotspot\
PATH=C:/Users/yanba/.p2/pool/plugins/org.eclipse.justj.openjdk.hotspot.jre.full.win32.x86_64_17.0.8.v20230831-1047/jre/bin/server;C:/Users/yanba/.p2/pool/plugins/org.eclipse.justj.openjdk.hotspot.jre.full.win32.x86_64_17.0.8.v20230831-1047/jre/bin;C:\Program Files\Common Files\Oracle\Java\javapath;C:\Program Files (x86)\Common Files\Oracle\Java\java8path;C:\Program Files (x86)\Common Files\Oracle\Java\javapath;C:\Windows\system32;C:\Windows;C:\Windows\System32\Wbem;C:\Windows\System32\WindowsPowerShell\v1.0\;C:\Windows\System32\OpenSSH\;C:\Program Files\Git\cmd;C:\MinGW\bin;C:\Program Files\Java\jdk-22\bin;C:\Program Files\nodejs\;C:\Program Files (x86)\Tesseract-OCR;C:\Program Files\PuTTY\;C:\ProgramData\ComposerSetup\bin;C:\Users\yanba\.config\herd\bin\nvm;C:\Program Files\nodejs;C:\Users\yanba\.config\herd\bin;C:\Users\yanba\AppData\Local\Programs\Eclipse Adoptium\jdk-17.0.8.101-hotspot\bin;C:\Users\yanba\AppData\Local\Microsoft\WindowsApps;C:\Users\yanba\AppData\Local\Programs\Microsoft VS Code\bin;C:\MinGW\bin;C:\Users\yanba\AppData\Roaming\npm;C:\Program Files (x86)\Tesseract-OCR;C:\Program Files\ffmpeg\bin\;C:\Program Files (x86)\Nmap;C:\Users\yanba\AppData\Local\Pandoc\;C:\Users\yanba\Downloads\php-8.4.4-Win32-vs17-x64;C:\Users\yanba\AppData\Roaming\Composer\vendor\bin;C:\Windows\System32;
USERNAME=yanba
OS=Windows_NT
PROCESSOR_IDENTIFIER=Intel64 Family 6 Model 126 Stepping 5, GenuineIntel
TMP=C:\Users\yanba\AppData\Local\Temp
TEMP=C:\Users\yanba\AppData\Local\Temp




Periodic native trim disabled

---------------  S Y S T E M  ---------------

OS:
 Windows 10 , 64 bit Build 19041 (10.0.19041.3031)
OS uptime: 0 days 4:56 hours
Hyper-V role detected

CPU: total 8 (initial active 8) (4 cores per cpu, 2 threads per core) family 6 model 126 stepping 5 microcode 0xc6, cx8, cmov, fxsr, ht, mmx, 3dnowpref, sse, sse2, sse3, ssse3, sse4.1, sse4.2, popcnt, lzcnt, tsc, tscinvbit, avx, avx2, aes, erms, clmul, bmi1, bmi2, adx, avx512f, avx512dq, avx512cd, avx512bw, avx512vl, sha, fma, vzeroupper, avx512_vpopcntdq, avx512_vpclmulqdq, avx512_vaes, avx512_vnni, clflush, clflushopt, avx512_vbmi2, avx512_vbmi, hv, rdtscp, rdpid, fsrm, gfni, avx512_bitalg, f16c, avx512_ifma
Processor Information for all 8 processors :
  Max Mhz: 1190, Current Mhz: 991, Mhz Limit: 987

Memory: 4k page, system-wide physical 7959M (4354M free)
TotalPageFile size 10007M (AvailPageFile size 85M)
current process WorkingSet (physical memory assigned to process): 11M, peak: 11M
current process commit charge ("private bytes"): 60M, peak: 186M

vm_info: Java HotSpot(TM) 64-Bit Server VM (22+36-2370) for windows-amd64 JRE (22+36-2370), built on 2024-02-15T22:15:19Z by "mach5one" with MS VC++ 17.6 (VS2022)

END.
